
> web_login@1.0.0 start
> lite-server --open ./login-register.html

** browser-sync config **
{
  injectChanges: false,
  files: [ './**/*.{html,htm,css,js}' ],
  watchOptions: { ignored: 'node_modules' },
  server: {
    baseDir: './',
    middleware: [ [Function (anonymous)], [Function (anonymous)] ]
  },
  open: true,
  port: 1125
}
[Browsersync] Access URLs:
 -----------------------------------
       Local: http://localhost:1125
    External: http://172.20.0.1:1125
 -----------------------------------
          UI: http://localhost:3002
 UI External: http://localhost:3002
 -----------------------------------
[Browsersync] Serving files from: ./
[Browsersync] Watching files...
[Browsersync] Couldn't open browser (if you are using BrowserSync in a headless environment, you might want to set the open option to false)

> web_login@1.0.0 start
> lite-server --open ./login-register.html

** browser-sync config **
{
  injectChanges: false,
  files: [ './**/*.{html,htm,css,js}' ],
  watchOptions: { ignored: 'node_modules' },
  server: {
    baseDir: './',
    middleware: [ [Function (anonymous)], [Function (anonymous)] ]
  },
  open: true,
  port: 1125
}
[Browsersync] Access URLs:
 -----------------------------------
       Local: http://localhost:1125
    External: http://172.20.0.1:1125
 -----------------------------------
          UI: http://localhost:3002
 UI External: http://localhost:3002
 -----------------------------------
[Browsersync] Serving files from: ./
[Browsersync] Watching files...
[Browsersync] Couldn't open browser (if you are using BrowserSync in a headless environment, you might want to set the open option to false)
[90m25.07.03 14:11:34[0m [36m304[0m [35mGET[0m [90m/login-register.html[0m
[90m25.07.03 14:11:35[0m [36m304[0m [35mGET[0m [90m/styles.css[0m
[90m25.07.03 14:11:35[0m [36m304[0m [35mGET[0m [90m/script.js[0m
[90m25.07.03 14:49:24[0m [33m404[0m [35mGET[0m [90m/favicon.ico[0m
[90m25.07.03 14:49:25[0m [33m404[0m [35mGET[0m [90m/favicon.ico[0m
[90m25.07.03 14:49:25[0m [32m200[0m [35mGET[0m [90m/login-register.html[0m
[90m25.07.03 14:49:25[0m [32m200[0m [35mGET[0m [90m/styles.css[0m
[90m25.07.03 14:49:25[0m [32m200[0m [35mGET[0m [90m/script.js[0m
[90m25.07.03 14:49:26[0m [33m404[0m [35mGET[0m [90m/favicon.ico[0m
[90m25.07.03 14:49:42[0m [33m404[0m [35mGET[0m [90m/index.html[0m
[90m25.07.03 14:49:42[0m [32m200[0m [35mGET[0m [90m/login-register.html[0m
[90m25.07.03 14:49:42[0m [32m200[0m [35mGET[0m [90m/styles.css[0m
[90m25.07.03 14:49:42[0m [32m200[0m [35mGET[0m [90m/script.js[0m
[90m25.07.03 14:49:42[0m [33m404[0m [35mGET[0m [90m/index.html[0m
[90m25.07.03 14:49:49[0m [33m404[0m [35mGET[0m [90m/favicon.ico[0m
[90m25.07.03 14:49:49[0m [33m404[0m [35mGET[0m [90m/favicon.ico[0m
[90m25.07.03 14:49:49[0m [33m404[0m [35mGET[0m [90m/favicon.ico[0m
[90m25.07.03 14:50:22[0m [33m404[0m [35mGET[0m [90m/favicon.ico[0m
[90m25.07.03 16:19:44[0m [36m304[0m [35mGET[0m [90m/login-register.html[0m
[90m25.07.03 16:19:44[0m [36m304[0m [35mGET[0m [90m/styles.css[0m
[90m25.07.03 16:19:44[0m [36m304[0m [35mGET[0m [90m/script.js[0m
[90m25.07.03 16:19:53[0m [32m200[0m [35mGET[0m [90m/login-register.html[0m
[90m25.07.03 16:19:53[0m [32m200[0m [35mGET[0m [90m/styles.css[0m
[90m25.07.03 16:19:53[0m [32m200[0m [35mGET[0m [90m/script.js[0m
[90m25.07.03 16:19:53[0m [33m404[0m [35mGET[0m [90m/favicon.ico[0m
[90m25.07.03 16:21:07[0m [36m304[0m [35mGET[0m [90m/login-register.html[0m
[90m25.07.03 16:21:07[0m [36m304[0m [35mGET[0m [90m/styles.css[0m
[90m25.07.03 16:21:07[0m [36m304[0m [35mGET[0m [90m/script.js[0m
[90m25.07.04 10:31:40[0m [32m200[0m [35mGET[0m [90m/login-register.html[0m
[90m25.07.04 10:31:41[0m [32m200[0m [35mGET[0m [90m/styles.css[0m
[90m25.07.04 10:31:41[0m [32m200[0m [35mGET[0m [90m/script.js[0m
[90m25.07.04 10:31:41[0m [33m404[0m [35mGET[0m [90m/favicon.ico[0m
[90m25.07.04 12:50:29[0m [33m404[0m [35mGET[0m [90m/[0m
[90m25.07.04 12:50:55[0m [33m404[0m [35mGET[0m [90m/[0m
[90m25.07.04 12:50:55[0m [33m404[0m [35mGET[0m [90m/favicon.ico[0m
[90m25.07.04 12:50:55[0m [33m404[0m [35mGET[0m [90m/robots.txt[0m
[90m25.07.04 12:50:55[0m [33m404[0m [35mGET[0m [90m/sitemap.xml[0m
[90m25.07.04 13:49:18[0m [33m404[0m [35mGET[0m [90m/favicon.ico[0m

> web_login@1.0.0 start
> lite-server --open ./login-register.html

** browser-sync config **
{
  injectChanges: false,
  files: [ './**/*.{html,htm,css,js}' ],
  watchOptions: { ignored: 'node_modules' },
  server: {
    baseDir: './',
    middleware: [ [Function (anonymous)], [Function (anonymous)] ]
  },
  open: true,
  port: 1125
}
[Browsersync] Access URLs:
 -----------------------------------
       Local: http://localhost:1125
    External: http://172.20.0.1:1125
 -----------------------------------
          UI: http://localhost:3002
 UI External: http://localhost:3002
 -----------------------------------
[Browsersync] Serving files from: ./
[Browsersync] Watching files...
[Browsersync] Couldn't open browser (if you are using BrowserSync in a headless environment, you might want to set the open option to false)
[90m25.07.04 17:47:45[0m [32m200[0m [35mGET[0m [90m/login-register.html[0m
[90m25.07.04 17:47:45[0m [32m200[0m [35mGET[0m [90m/styles.css[0m
[90m25.07.04 17:47:45[0m [32m200[0m [35mGET[0m [90m/script.js[0m
[90m25.07.04 17:47:46[0m [33m404[0m [35mGET[0m [90m/favicon.ico[0m
[90m25.07.04 17:47:51[0m [32m200[0m [35mGET[0m [90m/login-register.html[0m
[90m25.07.04 17:47:51[0m [36m304[0m [35mGET[0m [90m/styles.css[0m
[90m25.07.04 17:47:52[0m [36m304[0m [35mGET[0m [90m/script.js[0m
[90m25.07.04 17:47:52[0m [33m404[0m [35mGET[0m [90m/favicon.ico[0m
[90m25.07.04 17:50:19[0m [36m304[0m [35mGET[0m [90m/login-register.html[0m
[90m25.07.04 17:50:19[0m [36m304[0m [35mGET[0m [90m/styles.css[0m
[90m25.07.04 17:50:19[0m [36m304[0m [35mGET[0m [90m/script.js[0m
[90m25.07.04 17:56:20[0m [36m304[0m [35mGET[0m [90m/login-register.html[0m
[90m25.07.04 17:56:20[0m [36m304[0m [35mGET[0m [90m/styles.css[0m
[90m25.07.04 17:56:20[0m [36m304[0m [35mGET[0m [90m/script.js[0m

> web_login@1.0.0 start
> lite-server --open ./login-register.html login-register.html

** browser-sync config **
{
  injectChanges: false,
  files: [ './**/*.{html,htm,css,js}' ],
  watchOptions: { ignored: 'node_modules' },
  server: {
    baseDir: './',
    middleware: [ [Function (anonymous)], [Function (anonymous)] ]
  },
  open: true,
  port: 1125
}
[Browsersync] Access URLs:
 -----------------------------------
       Local: http://localhost:1125
    External: http://172.20.0.1:1125
 -----------------------------------
          UI: http://localhost:3002
 UI External: http://localhost:3002
 -----------------------------------
[Browsersync] Serving files from: ./
[Browsersync] Watching files...
[Browsersync] Couldn't open browser (if you are using BrowserSync in a headless environment, you might want to set the open option to false)
[90m25.07.05 17:07:27[0m [36m304[0m [35mGET[0m [90m/login-register.html[0m
[90m25.07.05 17:07:27[0m [36m304[0m [35mGET[0m [90m/styles.css[0m
[90m25.07.05 17:07:27[0m [36m304[0m [35mGET[0m [90m/script.js[0m
[90m25.07.05 17:07:27[0m [33m404[0m [35mGET[0m [90m/favicon.ico[0m
[90m25.07.05 17:11:09[0m [32m200[0m [35mGET[0m [90m/login-register.html[0m
[90m25.07.05 17:11:09[0m [32m200[0m [35mGET[0m [90m/styles.css[0m
[90m25.07.05 17:11:09[0m [32m200[0m [35mGET[0m [90m/script.js[0m
[90m25.07.05 17:11:09[0m [33m404[0m [35mGET[0m [90m/favicon.ico[0m
[90m25.07.05 20:25:28[0m [32m200[0m [35mGET[0m [90m/login-register.html[0m
[90m25.07.05 20:25:28[0m [32m200[0m [35mGET[0m [90m/styles.css[0m
[90m25.07.05 20:25:28[0m [32m200[0m [35mGET[0m [90m/script.js[0m
[90m25.07.06 07:28:35[0m [33m404[0m [35mGET[0m [90m/[0m
[90m25.07.06 07:28:35[0m [33m404[0m [35mOPTIONS[0m [90m/[0m
[90m25.07.06 07:28:35[0m [33m404[0m [35mOPTIONS[0m [90m/[0m
[90m25.07.06 07:28:36[0m [33m404[0m [35mGET[0m [90m/nice ports%2C/Trinity.txt.bak[0m
[90m25.07.06 09:41:10[0m [32m200[0m [35mGET[0m [90m/login-register.html[0m
[90m25.07.06 09:41:12[0m [32m200[0m [35mGET[0m [90m/login-register.html[0m
[90m25.07.06 09:41:12[0m [32m200[0m [35mGET[0m [90m/styles.css[0m
[90m25.07.06 09:41:12[0m [32m200[0m [35mGET[0m [90m/script.js[0m
[90m25.07.06 09:48:53[0m [36m304[0m [35mGET[0m [90m/login-register.html[0m
[90m25.07.06 09:48:53[0m [36m304[0m [35mGET[0m [90m/styles.css[0m
[90m25.07.06 09:48:53[0m [36m304[0m [35mGET[0m [90m/script.js[0m
[90m25.07.06 09:48:54[0m [33m404[0m [35mGET[0m [90m/favicon.ico[0m
[90m25.07.06 09:59:52[0m [32m200[0m [35mGET[0m [90m/login-register.html[0m
[90m25.07.06 09:59:52[0m [32m200[0m [35mGET[0m [90m/styles.css[0m
[90m25.07.06 09:59:52[0m [32m200[0m [35mGET[0m [90m/script.js[0m
[90m25.07.06 09:59:53[0m [33m404[0m [35mGET[0m [90m/favicon.ico[0m
[90m25.07.06 10:07:31[0m [36m304[0m [35mGET[0m [90m/login-register.html[0m
[90m25.07.06 10:07:31[0m [36m304[0m [35mGET[0m [90m/styles.css[0m
[90m25.07.06 10:07:31[0m [36m304[0m [35mGET[0m [90m/script.js[0m
[90m25.07.06 12:32:43[0m [33m404[0m [35mGET[0m [90m/favicon.ico[0m
